TN:
SF:src\App.tsx
FN:11,App
FNF:1
FNH:1
FNDA:4,App
DA:1,1
DA:2,1
DA:3,1
DA:4,1
DA:5,1
DA:6,1
DA:7,1
DA:8,1
DA:9,1
DA:11,1
DA:12,4
DA:13,4
DA:14,4
DA:15,4
DA:16,4
DA:17,4
DA:18,4
DA:19,4
DA:20,4
DA:21,4
DA:22,4
DA:23,4
DA:24,4
DA:25,4
DA:26,4
DA:27,4
DA:28,4
DA:30,4
DA:31,1
LF:29
LH:29
BRDA:11,0,0,4
BRF:1
BRH:1
end_of_record
TN:
SF:src\common\spinner\Spinner.tsx
FN:3,Spinner
FNF:1
FNH:1
FNDA:9,Spinner
DA:1,1
DA:3,1
DA:4,9
DA:5,9
DA:7,1
LF:5
LH:5
BRDA:3,0,0,9
BRF:1
BRH:1
end_of_record
TN:
SF:src\components\card\Card.tsx
FN:14,Card
FN:20,handleClick
FN:27,handleCheckboxChange
FNF:3
FNH:1
FNDA:3,Card
FNDA:0,handleClick
FNDA:0,handleCheckboxChange
DA:3,1
DA:4,1
DA:5,1
DA:6,1
DA:7,1
DA:14,1
DA:15,3
DA:16,3
DA:17,3
DA:18,3
DA:20,3
DA:21,0
DA:22,0
DA:23,0
DA:24,3
DA:25,3
DA:27,3
DA:28,0
DA:29,0
DA:30,0
DA:32,3
DA:33,3
DA:34,3
DA:35,3
DA:36,3
DA:38,3
DA:39,3
DA:40,3
DA:41,3
DA:42,3
DA:43,3
DA:44,3
DA:45,3
DA:46,3
DA:47,3
DA:48,3
DA:49,3
DA:50,3
DA:51,3
DA:52,3
DA:53,3
DA:54,3
DA:55,3
DA:56,3
DA:57,3
DA:58,3
DA:59,3
DA:60,3
DA:61,3
DA:62,3
DA:63,3
DA:64,3
DA:65,3
DA:66,3
DA:67,3
DA:68,3
DA:69,3
DA:70,3
DA:71,3
DA:73,3
DA:74,1
LF:61
LH:55
BRDA:14,0,0,3
BRDA:25,1,0,2
BRDA:17,2,0,4
BRF:3
BRH:3
end_of_record
TN:
SF:src\components\closeItemDetailsButton\closeItemDetailsButton.tsx
FN:9,CloseItemDetailsButton
FN:14,handleClose
FNF:2
FNH:1
FNDA:2,CloseItemDetailsButton
FNDA:0,handleClose
DA:1,1
DA:2,1
DA:3,1
DA:7,1
DA:9,1
DA:10,2
DA:11,2
DA:12,2
DA:14,2
DA:15,0
DA:16,0
DA:17,0
DA:18,0
DA:19,0
DA:20,0
DA:21,0
DA:23,2
DA:24,2
DA:25,2
DA:26,2
DA:27,2
DA:28,2
DA:29,2
DA:31,2
DA:32,2
DA:34,2
DA:36,1
LF:27
LH:20
BRDA:9,0,0,2
BRF:1
BRH:1
end_of_record
TN:
SF:src\components\createErrorButton\CreateErrorButton.tsx
FN:4,CreateErrorButton
FN:7,handelClick
FNF:2
FNH:2
FNDA:12,CreateErrorButton
FNDA:1,handelClick
DA:1,1
DA:2,1
DA:4,1
DA:5,12
DA:7,12
DA:8,1
DA:9,1
DA:11,12
DA:12,6
DA:13,1
DA:14,1
DA:15,12
DA:17,12
DA:18,12
DA:20,12
DA:22,12
DA:23,1
LF:17
LH:17
BRDA:4,0,0,12
BRDA:7,1,0,1
BRDA:11,2,0,6
BRDA:12,3,0,1
BRF:4
BRH:4
end_of_record
TN:
SF:src\components\downloadSelectedItems\DownloadBtn.tsx
FN:6,DownloadBtn
FN:9,convertToCSV
FN:15,downloadCSV
FNF:3
FNH:2
FNDA:1,DownloadBtn
FNDA:0,convertToCSV
FNDA:1,downloadCSV
DA:2,1
DA:3,1
DA:4,1
DA:6,1
DA:7,1
DA:9,1
DA:10,0
DA:11,0
DA:12,0
DA:13,0
DA:15,1
DA:16,0
DA:17,0
DA:18,0
DA:19,0
DA:21,0
DA:22,0
DA:23,0
DA:24,0
DA:25,0
DA:26,0
DA:27,0
DA:28,1
DA:29,1
DA:31,1
DA:33,1
DA:35,1
LF:27
LH:12
BRDA:6,0,0,1
BRDA:7,1,0,3
BRDA:15,2,0,1
BRF:3
BRH:3
end_of_record
TN:
SF:src\components\flyout\Flyout.tsx
FN:7,Flyout
FN:11,handleUnselectAll
FNF:2
FNH:2
FNDA:4,Flyout
FNDA:1,handleUnselectAll
DA:1,1
DA:2,1
DA:3,1
DA:4,1
DA:5,1
DA:7,1
DA:8,4
DA:9,4
DA:11,4
DA:12,1
DA:13,1
DA:15,4
DA:16,4
DA:17,1
DA:18,1
DA:19,1
DA:20,1
DA:21,1
DA:23,1
DA:24,1
DA:25,1
DA:27,4
DA:28,1
LF:23
LH:23
BRDA:7,0,0,4
BRDA:16,1,0,1
BRDA:8,2,0,8
BRDA:11,3,0,1
BRF:4
BRH:4
end_of_record
TN:
SF:src\components\itemDetailsCard\ItemDetailsCard.tsx
FN:8,ItemDetailsCard
FN:15,fetchData
FNF:2
FNH:2
FNDA:2,ItemDetailsCard
FNDA:1,fetchData
DA:1,1
DA:3,1
DA:4,1
DA:5,1
DA:6,1
DA:8,1
DA:9,2
DA:10,2
DA:12,2
DA:13,1
DA:14,1
DA:15,1
DA:16,1
DA:17,1
DA:18,1
DA:19,1
DA:20,1
DA:21,1
DA:22,1
DA:23,0
DA:24,0
DA:25,1
DA:26,1
DA:27,2
DA:29,2
DA:30,2
DA:31,2
DA:32,2
DA:33,2
DA:34,2
DA:35,2
DA:36,2
DA:37,2
DA:38,1
DA:40,1
DA:41,1
DA:42,1
DA:43,1
DA:44,1
DA:45,1
DA:46,1
DA:47,1
DA:49,2
DA:50,2
DA:52,2
DA:54,1
LF:46
LH:44
BRDA:8,0,0,2
BRDA:37,1,0,1
BRDA:38,2,0,1
BRDA:12,3,0,1
BRDA:13,4,0,0
BRDA:15,5,0,1
BRDA:22,6,0,0
BRF:7
BRH:5
end_of_record
TN:
SF:src\components\navigation\Navigation.tsx
FN:5,Navigation
FNF:1
FNH:1
FNDA:6,Navigation
DA:1,1
DA:2,1
DA:3,1
DA:5,1
DA:6,6
DA:7,6
DA:8,6
DA:9,6
DA:10,6
DA:12,6
DA:13,6
DA:14,6
DA:15,6
DA:17,6
DA:18,6
DA:19,6
DA:20,6
DA:21,6
DA:23,6
DA:25,1
LF:20
LH:20
BRDA:5,0,0,6
BRF:1
BRH:1
end_of_record
TN:
SF:src\components\pagination\Pagination.tsx
FN:7,Pagination
FN:11,handleButtonClick
FNF:2
FNH:1
FNDA:1,Pagination
FNDA:0,handleButtonClick
DA:1,1
DA:2,1
DA:3,1
DA:4,1
DA:5,1
DA:7,1
DA:8,1
DA:9,1
DA:11,1
DA:12,0
DA:13,0
DA:14,0
DA:15,0
DA:16,0
DA:17,0
DA:18,0
DA:20,0
DA:21,0
DA:22,0
DA:23,0
DA:24,0
DA:25,0
DA:26,0
DA:27,0
DA:29,1
DA:30,1
DA:31,1
DA:32,1
DA:33,1
DA:34,1
DA:35,1
DA:36,1
DA:37,1
DA:38,1
DA:39,1
DA:41,1
DA:42,1
DA:43,1
DA:44,1
DA:45,1
DA:46,1
DA:47,1
DA:49,1
DA:50,1
DA:51,1
DA:53,1
DA:55,1
LF:47
LH:32
BRDA:7,0,0,1
BRF:1
BRH:1
end_of_record
TN:
SF:src\components\results\Results.tsx
FN:1,(empty-report)
FNF:1
FNH:0
FNDA:0,(empty-report)
DA:1,0
DA:3,0
DA:4,0
DA:5,0
DA:6,0
DA:7,0
DA:9,0
DA:11,0
LF:8
LH:0
BRDA:1,0,0,0
BRF:1
BRH:0
end_of_record
TN:
SF:src\components\resultsList\ResultsList.tsx
FN:11,ResultsList
FNF:1
FNH:1
FNDA:2,ResultsList
DA:1,1
DA:3,1
DA:11,1
DA:12,2
DA:13,2
DA:14,2
DA:15,2
DA:16,2
DA:17,2
DA:18,1
DA:19,2
DA:20,2
DA:21,2
DA:22,2
DA:23,2
DA:24,2
DA:26,1
DA:28,0
DA:30,2
DA:32,2
DA:33,1
LF:21
LH:20
BRDA:11,0,0,2
BRDA:17,1,0,1
BRDA:26,2,0,0
BRDA:18,3,0,2
BRF:4
BRH:3
end_of_record
TN:
SF:src\components\searchButton\SearchButton.tsx
FN:1,SearchButton
FNF:1
FNH:1
FNDA:9,SearchButton
DA:1,1
DA:2,9
DA:3,9
DA:5,1
LF:4
LH:4
BRDA:1,0,0,9
BRF:1
BRH:1
end_of_record
TN:
SF:src\components\searchField\SearchField.tsx
FN:8,SearchField
FNF:1
FNH:1
FNDA:2,SearchField
DA:8,1
DA:9,2
DA:10,2
DA:11,2
DA:12,2
DA:13,2
DA:14,2
DA:15,2
DA:17,2
DA:19,1
LF:10
LH:10
BRDA:8,0,0,2
BRF:1
BRH:1
end_of_record
TN:
SF:src\components\searchForm\SearchForm.tsx
FN:10,SearchForm
FNF:1
FNH:1
FNDA:9,SearchForm
DA:2,1
DA:3,1
DA:4,1
DA:10,1
DA:11,9
DA:12,9
DA:13,9
DA:14,9
DA:15,9
DA:16,9
DA:17,9
DA:18,9
DA:19,9
DA:20,9
DA:21,9
DA:22,9
DA:24,9
DA:25,1
LF:18
LH:18
BRDA:10,0,0,9
BRF:1
BRH:1
end_of_record
TN:
SF:src\components\themeBtn\ThemeBtn.tsx
FN:5,ThemeBtn
FNF:1
FNH:1
FNDA:6,ThemeBtn
DA:1,1
DA:2,1
DA:3,1
DA:5,1
DA:6,6
DA:8,6
DA:9,3
DA:10,3
DA:12,3
DA:14,3
DA:15,3
DA:16,3
DA:17,3
DA:18,3
DA:20,6
DA:21,6
DA:22,6
DA:24,6
DA:26,1
LF:19
LH:19
BRDA:5,0,0,6
BRDA:8,1,0,3
BRDA:20,2,0,0
BRDA:20,3,0,3
BRF:4
BRH:3
end_of_record
TN:
SF:src\containers\planetsSearch\PlanetsSearch.tsx
FN:22,PlanetsSearch
FN:41,handleSubmit
FN:59,fetchData
FNF:3
FNH:2
FNDA:11,PlanetsSearch
FNDA:0,handleSubmit
FNDA:4,fetchData
DA:1,1
DA:2,1
DA:4,1
DA:5,1
DA:6,1
DA:7,1
DA:8,1
DA:9,1
DA:10,1
DA:11,1
DA:12,1
DA:13,1
DA:22,1
DA:23,11
DA:24,11
DA:26,11
DA:27,11
DA:28,11
DA:29,11
DA:30,11
DA:31,11
DA:33,11
DA:34,11
DA:35,11
DA:36,11
DA:37,11
DA:38,11
DA:39,11
DA:41,11
DA:42,0
DA:43,0
DA:44,0
DA:46,0
DA:47,0
DA:48,0
DA:49,0
DA:51,0
DA:52,0
DA:53,0
DA:54,0
DA:55,0
DA:56,0
DA:58,11
DA:59,4
DA:60,4
DA:61,4
DA:62,4
DA:63,1
DA:64,0
DA:65,0
DA:66,1
DA:67,1
DA:68,0
DA:69,0
DA:70,1
DA:71,1
DA:72,1
DA:73,1
DA:74,1
DA:75,1
DA:76,1
DA:77,1
DA:78,1
DA:79,1
DA:80,1
DA:81,4
DA:82,4
DA:83,4
DA:84,0
DA:85,0
DA:86,0
DA:87,0
DA:88,0
DA:89,0
DA:90,0
DA:91,0
DA:92,4
DA:93,4
DA:94,0
DA:95,0
DA:96,4
DA:97,4
DA:98,4
DA:99,4
DA:100,11
DA:102,11
DA:103,11
DA:104,11
DA:105,11
DA:106,11
DA:107,11
DA:108,11
DA:109,0
DA:110,10
DA:112,11
DA:113,11
DA:114,0
DA:116,0
DA:117,10
DA:119,11
DA:120,2
DA:121,2
DA:122,2
DA:123,2
DA:124,2
DA:125,2
DA:126,2
DA:128,2
DA:129,2
DA:131,2
DA:132,2
DA:133,2
DA:135,2
DA:136,2
DA:137,2
DA:138,2
DA:139,2
DA:141,2
DA:142,0
DA:143,0
DA:144,0
DA:145,0
DA:146,0
DA:148,0
DA:149,0
DA:150,0
DA:152,2
DA:153,2
DA:155,11
DA:157,11
DA:159,1
LF:131
LH:93
BRDA:22,0,0,11
BRDA:26,1,0,10
BRDA:28,2,0,9
BRDA:108,3,0,0
BRDA:109,4,0,10
BRDA:112,5,0,8
BRDA:112,6,0,2
BRDA:113,7,0,2
BRDA:113,8,0,2
BRDA:113,9,0,0
BRDA:116,10,0,10
BRDA:119,11,0,2
BRDA:119,12,0,2
BRDA:119,13,0,2
BRDA:133,14,0,0
BRDA:141,15,0,0
BRDA:58,16,0,4
BRDA:93,17,0,0
BRDA:59,18,0,4
BRDA:62,19,0,1
BRDA:63,20,0,0
BRDA:67,21,0,0
BRDA:83,22,0,0
BRDA:60,23,0,4
BRDA:74,24,0,1
BRF:25
BRH:17
end_of_record
TN:
SF:src\contexts\themeContext.tsx
FN:15,ThemeProvider
FN:32,toggleTheme
FNF:2
FNH:2
FNDA:13,ThemeProvider
FNDA:3,toggleTheme
DA:1,1
DA:9,1
DA:15,1
DA:16,13
DA:17,13
DA:18,13
DA:20,13
DA:21,13
DA:22,13
DA:23,13
DA:24,13
DA:25,13
DA:26,13
DA:27,0
DA:28,0
DA:29,13
DA:30,13
DA:32,13
DA:33,3
DA:34,3
DA:36,13
DA:37,13
DA:38,13
DA:39,13
DA:41,13
LF:25
LH:23
BRDA:15,0,0,13
BRDA:17,1,0,5
BRDA:20,2,0,13
BRDA:26,3,0,0
BRDA:32,4,0,3
BRDA:33,5,0,3
BRDA:33,6,0,2
BRDA:33,7,0,1
BRF:8
BRH:7
end_of_record
TN:
SF:src\hoc\errorBoundary\ErrorBoundary.tsx
FN:10,<instance_members_initializer>
FN:17,getDerivedStateFromError
FN:21,componentDidCatch
FN:26,render
FNF:4
FNH:4
FNDA:7,<instance_members_initializer>
FNDA:2,getDerivedStateFromError
FNDA:1,componentDidCatch
FNDA:9,render
DA:1,1
DA:3,1
DA:4,1
DA:10,7
DA:13,7
DA:14,7
DA:15,7
DA:17,7
DA:18,2
DA:19,2
DA:21,7
DA:22,1
DA:23,1
DA:24,1
DA:26,7
DA:27,9
DA:28,2
DA:29,2
DA:30,2
DA:31,2
DA:33,2
DA:34,2
DA:35,2
DA:37,2
DA:39,7
DA:40,9
DA:41,7
LF:27
LH:27
BRDA:10,0,0,7
BRDA:17,1,0,2
BRDA:21,2,0,1
BRDA:26,3,0,9
BRDA:27,4,0,2
BRDA:37,5,0,7
BRF:6
BRH:6
end_of_record
TN:
SF:src\hoc\layout\Layout.tsx
FN:7,Layout
FNF:1
FNH:1
FNDA:9,Layout
DA:2,1
DA:7,1
DA:8,9
DA:9,9
DA:10,9
DA:13,1
LF:6
LH:6
BRDA:7,0,0,9
BRF:1
BRH:1
end_of_record
TN:
SF:src\pages\aboutPage\AboutPage.tsx
FN:5,AboutPage
FNF:1
FNH:1
FNDA:2,AboutPage
DA:1,1
DA:2,1
DA:3,1
DA:5,1
DA:6,2
DA:7,2
DA:8,2
DA:9,2
DA:10,2
DA:11,2
DA:12,2
DA:13,2
DA:14,2
DA:15,2
DA:16,2
DA:18,2
DA:19,2
DA:20,2
DA:22,2
DA:24,1
LF:20
LH:20
BRDA:5,0,0,2
BRF:1
BRH:1
end_of_record
TN:
SF:src\pages\notFoundPage\NotFoundPage.tsx
FN:5,NotFoundPage
FNF:1
FNH:1
FNDA:2,NotFoundPage
DA:1,1
DA:2,1
DA:3,1
DA:5,1
DA:6,2
DA:7,2
DA:8,2
DA:9,2
DA:10,2
DA:11,2
DA:12,2
DA:14,2
DA:16,1
LF:13
LH:13
BRDA:5,0,0,2
BRF:1
BRH:1
end_of_record
TN:
SF:src\pages\searchPage\PlanetsSearchPage.tsx
FN:6,PlanetsSearchPage
FNF:1
FNH:1
FNDA:3,PlanetsSearchPage
DA:1,1
DA:2,1
DA:3,1
DA:4,1
DA:6,1
DA:7,3
DA:8,3
DA:9,3
DA:10,3
DA:11,3
DA:12,3
DA:14,3
DA:16,1
LF:13
LH:13
BRDA:6,0,0,3
BRF:1
BRH:1
end_of_record
